<?xml version="1.0" encoding="UTF-8"?>
<!-- Generated by org.testng.reporters.JUnitXMLReporter -->
<testsuite hostname="Admin-PC" ignored="0" name="PlatformTest" tests="6" failures="1" timestamp="04 Dec 2017 07:29:51 GMT" time="41.683" errors="0">
  <testcase name="checkvalidUser" time="6.927" classname="PlatformTesting.com.platform.org.VerifyLoginTest"/>
  <testcase name="checkvalidLogin" time="6.492" classname="PlatformTesting.com.platform.org.VerifyLoginTest"/>
  <testcase name="registerUser" time="8.32" classname="PlatformTesting.com.platform.org.VerifyLoginTest"/>
  <testcase name="checkUserDatabase" time="0.167" classname="PlatformTesting.com.platform.org.VerifyLoginTest"/>
  <testcase name="checkPersonabarPages" time="4.968" classname="PlatformTesting.com.platform.org.PersonabarPageTest">
    <failure type="org.openqa.selenium.NoSuchFrameException" message="No frame element found by name or id personaBar-iframe
Build info: version: &amp;apos;3.7.1&amp;apos;, revision: &amp;apos;8a0099a&amp;apos;, time: &amp;apos;2017-11-06T21:01:39.354Z&amp;apos;
System info: host: &amp;apos;ADMIN-PC&amp;apos;, ip: &amp;apos;192.168.0.11&amp;apos;, os.name: &amp;apos;Windows 10&amp;apos;, os.arch: &amp;apos;amd64&amp;apos;, os.version: &amp;apos;10.0&amp;apos;, java.version: &amp;apos;1.8.0_152&amp;apos;
Driver info: driver.version: unknown">
      <![CDATA[org.openqa.selenium.NoSuchFrameException: No frame element found by name or id personaBar-iframe
Build info: version: '3.7.1', revision: '8a0099a', time: '2017-11-06T21:01:39.354Z'
System info: host: 'ADMIN-PC', ip: '192.168.0.11', os.name: 'Windows 10', os.arch: 'amd64', os.version: '10.0', java.version: '1.8.0_152'
Driver info: driver.version: unknown
	at org.openqa.selenium.remote.RemoteWebDriver$RemoteTargetLocator.frame(RemoteWebDriver.java:939)
	at PlatformTesting.com.platform.org.PersonaBarPageClass.PersonabarOpenPages(PersonaBarPageClass.java:52)
	at PlatformTesting.com.platform.org.PersonabarPageTest.checkPersonabarPages(PersonabarPageTest.java:20)
... Removed 25 stack frames]]>
    </failure>
  </testcase> <!-- checkPersonabarPages -->
  <testcase name="PersonabarCreatePage" time="14.415" classname="PlatformTesting.com.platform.org.PersonabarPageTest"/>
</testsuite> <!-- PlatformTest -->
