<?xml version="1.0" encoding="UTF-8"?>
<testng-results skipped="0" failed="1" ignored="0" total="6" passed="5">
  <reporter-output>
  </reporter-output>
  <suite name="PlatformSuite" duration-ms="34188" started-at="2017-12-05T03:35:32Z" finished-at="2017-12-05T03:36:06Z">
    <groups>
      <group name="UserTest">
        <method signature="VerifyLoginTest.checkUserDatabase()[pri:4, instance:PlatformTesting.com.platform.org.VerifyLoginTest@53b32d7]" name="checkUserDatabase" class="PlatformTesting.com.platform.org.VerifyLoginTest"/>
        <method signature="VerifyLoginTest.checkvalidLogin()[pri:2, instance:PlatformTesting.com.platform.org.VerifyLoginTest@53b32d7]" name="checkvalidLogin" class="PlatformTesting.com.platform.org.VerifyLoginTest"/>
        <method signature="VerifyLoginTest.checkvalidUser()[pri:1, instance:PlatformTesting.com.platform.org.VerifyLoginTest@53b32d7]" name="checkvalidUser" class="PlatformTesting.com.platform.org.VerifyLoginTest"/>
        <method signature="VerifyLoginTest.registerUser()[pri:3, instance:PlatformTesting.com.platform.org.VerifyLoginTest@53b32d7]" name="registerUser" class="PlatformTesting.com.platform.org.VerifyLoginTest"/>
      </group> <!-- UserTest -->
      <group name="PersonabarPages">
        <method signature="PersonabarPageTest.PersonabarCreatePage()[pri:6, instance:PlatformTesting.com.platform.org.PersonabarPageTest@5442a311]" name="PersonabarCreatePage" class="PlatformTesting.com.platform.org.PersonabarPageTest"/>
        <method signature="PersonabarPageTest.checkPersonabarPages()[pri:5, instance:PlatformTesting.com.platform.org.PersonabarPageTest@5442a311]" name="checkPersonabarPages" class="PlatformTesting.com.platform.org.PersonabarPageTest"/>
      </group> <!-- PersonabarPages -->
    </groups>
    <test name="PlatformTest" duration-ms="34188" started-at="2017-12-05T03:35:32Z" finished-at="2017-12-05T03:36:06Z">
      <class name="PlatformTesting.com.platform.org.VerifyLoginTest">
        <test-method status="PASS" signature="checkvalidUser()[pri:1, instance:PlatformTesting.com.platform.org.VerifyLoginTest@53b32d7]" name="checkvalidUser" duration-ms="6434" started-at="2017-12-04T19:35:32Z" finished-at="2017-12-04T19:35:38Z">
          <reporter-output>
          </reporter-output>
        </test-method> <!-- checkvalidUser -->
        <test-method status="PASS" signature="checkvalidLogin()[pri:2, instance:PlatformTesting.com.platform.org.VerifyLoginTest@53b32d7]" name="checkvalidLogin" duration-ms="6129" started-at="2017-12-04T19:35:38Z" finished-at="2017-12-04T19:35:44Z">
          <reporter-output>
          </reporter-output>
        </test-method> <!-- checkvalidLogin -->
        <test-method status="PASS" signature="registerUser()[pri:3, instance:PlatformTesting.com.platform.org.VerifyLoginTest@53b32d7]" name="registerUser" duration-ms="8645" started-at="2017-12-04T19:35:44Z" finished-at="2017-12-04T19:35:53Z">
          <reporter-output>
          </reporter-output>
        </test-method> <!-- registerUser -->
        <test-method status="PASS" signature="checkUserDatabase()[pri:4, instance:PlatformTesting.com.platform.org.VerifyLoginTest@53b32d7]" name="checkUserDatabase" duration-ms="270" started-at="2017-12-04T19:35:53Z" finished-at="2017-12-04T19:35:53Z">
          <reporter-output>
          </reporter-output>
        </test-method> <!-- checkUserDatabase -->
      </class> <!-- PlatformTesting.com.platform.org.VerifyLoginTest -->
      <class name="PlatformTesting.com.platform.org.PersonabarPageTest">
        <test-method status="PASS" signature="checkPersonabarPages()[pri:5, instance:PlatformTesting.com.platform.org.PersonabarPageTest@5442a311]" name="checkPersonabarPages" duration-ms="7735" started-at="2017-12-04T19:35:53Z" finished-at="2017-12-04T19:36:01Z">
          <reporter-output>
          </reporter-output>
        </test-method> <!-- checkPersonabarPages -->
        <test-method status="PASS" signature="tearDown(org.testng.ITestResult)[pri:0, instance:PlatformTesting.com.platform.org.PersonabarPageTest@5442a311]" name="tearDown" is-config="true" duration-ms="1" started-at="2017-12-04T19:36:01Z" finished-at="2017-12-04T19:36:01Z">
          <params>
            <param index="0">
              <value>
                <![CDATA[[TestResult name=checkPersonabarPages status=SUCCESS method=PersonabarPageTest.checkPersonabarPages()[pri:5, instance:PlatformTesting.com.platform.org.PersonabarPageTest@5442a311] output={null}]]]>
              </value>
            </param>
          </params>
          <reporter-output>
          </reporter-output>
        </test-method> <!-- tearDown -->
        <test-method status="FAIL" signature="PersonabarCreatePage()[pri:6, instance:PlatformTesting.com.platform.org.PersonabarPageTest@5442a311]" name="PersonabarCreatePage" duration-ms="4586" started-at="2017-12-04T19:36:01Z" finished-at="2017-12-04T19:36:06Z">
          <exception class="org.openqa.selenium.NoSuchFrameException">
            <message>
              <![CDATA[No frame element found by name or id personaBar-iframeBuild info: version: '3.7.1', revision: '8a0099a', time: '2017-11-06T21:01:39.354Z'System info: host: 'ADMIN-PC', ip: '192.168.0.11', os.name: 'Windows 10', os.arch: 'amd64', os.version: '10.0', java.version: '1.8.0_152'Driver info: driver.version: unknown]]>
            </message>
            <full-stacktrace>
              <![CDATA[org.openqa.selenium.NoSuchFrameException: No frame element found by name or id personaBar-iframeBuild info: version: '3.7.1', revision: '8a0099a', time: '2017-11-06T21:01:39.354Z'System info: host: 'ADMIN-PC', ip: '192.168.0.11', os.name: 'Windows 10', os.arch: 'amd64', os.version: '10.0', java.version: '1.8.0_152'Driver info: driver.version: unknownat org.openqa.selenium.remote.RemoteWebDriver$RemoteTargetLocator.frame(RemoteWebDriver.java:939)at PlatformTesting.com.platform.org.PersonaBarPageClass.PersonabarOpenPages(PersonaBarPageClass.java:52)at PlatformTesting.com.platform.org.PersonabarPageTest.PersonabarCreatePage(PersonabarPageTest.java:33)at sun.reflect.NativeMethodAccessorImpl.invoke0(Native Method)at sun.reflect.NativeMethodAccessorImpl.invoke(Unknown Source)at sun.reflect.DelegatingMethodAccessorImpl.invoke(Unknown Source)at java.lang.reflect.Method.invoke(Unknown Source)at org.testng.internal.MethodInvocationHelper.invokeMethod(MethodInvocationHelper.java:124)at org.testng.internal.Invoker.invokeMethod(Invoker.java:571)at org.testng.internal.Invoker.invokeTestMethod(Invoker.java:707)at org.testng.internal.Invoker.invokeTestMethods(Invoker.java:979)at org.testng.internal.TestMethodWorker.invokeTestMethods(TestMethodWorker.java:125)at org.testng.internal.TestMethodWorker.run(TestMethodWorker.java:109)at org.testng.TestRunner.privateRun(TestRunner.java:648)at org.testng.TestRunner.run(TestRunner.java:505)at org.testng.SuiteRunner.runTest(SuiteRunner.java:455)at org.testng.SuiteRunner.runSequentially(SuiteRunner.java:450)at org.testng.SuiteRunner.privateRun(SuiteRunner.java:415)at org.testng.SuiteRunner.run(SuiteRunner.java:364)at org.testng.SuiteRunnerWorker.runSuite(SuiteRunnerWorker.java:52)at org.testng.SuiteRunnerWorker.run(SuiteRunnerWorker.java:84)at org.testng.TestNG.runSuitesSequentially(TestNG.java:1187)at org.testng.TestNG.runSuitesLocally(TestNG.java:1116)at org.testng.TestNG.runSuites(TestNG.java:1028)at org.testng.TestNG.run(TestNG.java:996)at org.testng.remote.AbstractRemoteTestNG.run(AbstractRemoteTestNG.java:114)at org.testng.remote.RemoteTestNG.initAndRun(RemoteTestNG.java:251)at org.testng.remote.RemoteTestNG.main(RemoteTestNG.java:77)]]>
            </full-stacktrace>
          </exception> <!-- org.openqa.selenium.NoSuchFrameException -->
          <reporter-output>
          </reporter-output>
        </test-method> <!-- PersonabarCreatePage -->
        <test-method status="PASS" signature="tearDown(org.testng.ITestResult)[pri:0, instance:PlatformTesting.com.platform.org.PersonabarPageTest@5442a311]" name="tearDown" is-config="true" duration-ms="361" started-at="2017-12-04T19:36:06Z" finished-at="2017-12-04T19:36:06Z">
          <params>
            <param index="0">
              <value>
                <![CDATA[[TestResult name=PersonabarCreatePage status=FAILURE method=PersonabarPageTest.PersonabarCreatePage()[pri:6, instance:PlatformTesting.com.platform.org.PersonabarPageTest@5442a311] output={null}]]]>
              </value>
            </param>
          </params>
          <reporter-output>
          </reporter-output>
        </test-method> <!-- tearDown -->
      </class> <!-- PlatformTesting.com.platform.org.PersonabarPageTest -->
    </test> <!-- PlatformTest -->
  </suite> <!-- PlatformSuite -->
</testng-results>
